This is pdfTeX, Version 3.14159265-2.6-1.40.21 (TeX Live 2020/Arch Linux) (preloaded format=pdflatex 2021.4.18)  23 APR 2021 15:36
entering extended mode
 restricted \write18 enabled.
 file:line:error style messages enabled.
 %&-line parsing enabled.
**/dados/rogerio/UTFPR/docencia/disciplinas/scmm/templates/latex-classnotes-template.tex
(/dados/rogerio/UTFPR/docencia/disciplinas/scmm/templates/latex-classnotes-template.tex
LaTeX2e <2020-10-01> patch level 2
L3 programming layer <2020-12-03> xparse <2020-03-03>

/dados/rogerio/UTFPR/docencia/disciplinas/scmm/templates/latex-classnotes-template.tex:4: LaTeX Error: Missing \begin{document}.

See the LaTeX manual or LaTeX Companion for explanation.
Type  H <return>  for immediate help.
 ...                                              
                                                  
l.4 $
     if(colorlinks)$
You're in trouble here.  Try typing  <return>  to proceed.
If that doesn't work, type  X <return>  to quit.

LaTeX Font Info:    External font `cmex10' loaded for size
(Font)              <7> on input line 4.
LaTeX Font Info:    External font `cmex10' loaded for size
(Font)              <5> on input line 4.

! LaTeX Error: File `$documentclass$.cls' not found.

Type X to quit or <RETURN> to proceed,
or enter new name. (Default extension: cls)

Enter file name: 
/dados/rogerio/UTFPR/docencia/disciplinas/scmm/templates/latex-classnotes-template.tex:39: Emergency stop.
<read *> 
         
l.39 $
      if(beamer)$^^M
*** (cannot \read from terminal in nonstop modes)

 
Here is how much of TeX's memory you used:
 28 strings out of 479383
 846 string characters out of 5875830
 269659 words of memory out of 5000000
 17238 multiletter control sequences out of 15000+600000
 403430 words of font info for 27 fonts, out of 8000000 for 9000
 1141 hyphenation exceptions out of 8191
 32i,1n,39p,202b,56s stack positions out of 5000i,500n,10000p,200000b,80000s
/dados/rogerio/UTFPR/docencia/disciplinas/scmm/templates/latex-classnotes-template.tex:39:  ==> Fatal error occurred, no output PDF file produced!
