This is pdfTeX, Version 3.141592653-2.6-1.40.23 (TeX Live 2021/Arch Linux) (preloaded format=pdflatex 2022.4.13)  13 APR 2022 16:53
entering extended mode
 restricted \write18 enabled.
 file:line:error style messages enabled.
 %&-line parsing enabled.
**/run/media/rag/BK-RAG-HP1TB/repositorios/Dropbox/dados/rogerio/UTFPR/docencia/disciplinas/2022/LFAC-BCC34B/2022-1/aulas/md/templates/svm-latex-ms.tex
(/run/media/rag/BK-RAG-HP1TB/repositorios/Dropbox/dados/rogerio/UTFPR/docencia/disciplinas/2022/LFAC-BCC34B/2022-1/aulas/md/templates/svm-latex-ms.tex
LaTeX2e <2021-11-15> patch level 1
L3 programming layer <2021-11-22> (/usr/share/texmf-dist/tex/latex/base/article.cls
Document Class: article 2021/10/04 v1.4n Standard LaTeX document class
(/usr/share/texmf-dist/tex/latex/base/size10.clo
File: size10.clo 2021/10/04 v1.4n Standard LaTeX file (size option)
)
\c@part=\count183
\c@section=\count184
\c@subsection=\count185
\c@subsubsection=\count186
\c@paragraph=\count187
\c@subparagraph=\count188
\c@figure=\count189
\c@table=\count190
\abovecaptionskip=\skip47
\belowcaptionskip=\skip48
\bibindent=\dimen138
) (/usr/share/texmf-dist/tex/latex/geometry/geometry.sty
Package: geometry 2020/01/02 v5.9 Page Geometry
 (/usr/share/texmf-dist/tex/latex/graphics/keyval.sty
Package: keyval 2014/10/28 v1.15 key=value parser (DPC)
\KV@toks@=\toks16
) (/usr/share/texmf-dist/tex/generic/iftex/ifvtex.sty
Package: ifvtex 2019/10/25 v1.7 ifvtex legacy package. Use iftex instead.
 (/usr/share/texmf-dist/tex/generic/iftex/iftex.sty
Package: iftex 2020/03/06 v1.0d TeX engine tests
))
\Gm@cnth=\count191
\Gm@cntv=\count192
\c@Gm@tempcnt=\count193
\Gm@bindingoffset=\dimen139
\Gm@wd@mp=\dimen140
\Gm@odd@mp=\dimen141
\Gm@even@mp=\dimen142
\Gm@layoutwidth=\dimen143
\Gm@layoutheight=\dimen144
\Gm@layouthoffset=\dimen145
\Gm@layoutvoffset=\dimen146
\Gm@dimlist=\toks17
)

/run/media/rag/BK-RAG-HP1TB/repositorios/Dropbox/dados/rogerio/UTFPR/docencia/disciplinas/2022/LFAC-BCC34B/2022-1/aulas/md/templates/svm-latex-ms.tex:4: LaTeX Error: Missing \begin{document}.

See the LaTeX manual or LaTeX Companion for explanation.
Type  H <return>  for immediate help.
 ...                                              
                                                  
l.4 $
     if(fontfamily)$
You're in trouble here.  Try typing  <return>  to proceed.
If that doesn't work, type  X <return>  to quit.

LaTeX Font Info:    External font `cmex10' loaded for size
(Font)              <7> on input line 4.
LaTeX Font Info:    External font `cmex10' loaded for size
(Font)              <5> on input line 4.

! LaTeX Error: File `$fontfamily$.sty' not found.

Type X to quit or <RETURN> to proceed,
or enter new name. (Default extension: sty)

Enter file name: 
/run/media/rag/BK-RAG-HP1TB/repositorios/Dropbox/dados/rogerio/UTFPR/docencia/disciplinas/2022/LFAC-BCC34B/2022-1/aulas/md/templates/svm-latex-ms.tex:6: Emergency stop.
<read *> 
         
l.6 $
     else$^^M
*** (cannot \read from terminal in nonstop modes)

 
Here is how much of TeX's memory you used:
 838 strings out of 478353
 12970 string characters out of 5854635
 315487 words of memory out of 5000000
 19040 multiletter control sequences out of 15000+600000
 403430 words of font info for 27 fonts, out of 8000000 for 9000
 1141 hyphenation exceptions out of 8191
 55i,1n,62p,347b,54s stack positions out of 5000i,500n,10000p,200000b,80000s
/run/media/rag/BK-RAG-HP1TB/repositorios/Dropbox/dados/rogerio/UTFPR/docencia/disciplinas/2022/LFAC-BCC34B/2022-1/aulas/md/templates/svm-latex-ms.tex:6:  ==> Fatal error occurred, no output PDF file produced!
